<?xml version="1.0" encoding="UTF-8"?>
<coverage generated="1657566812231" clover="3.2.0">
  <project timestamp="1657566812231" name="All files">
    <metrics statements="17" coveredstatements="17" conditionals="16" coveredconditionals="16" methods="3" coveredmethods="3" elements="36" coveredelements="36" complexity="0" loc="17" ncloc="17" packages="2" files="4" classes="4"/>
    <package name="factorial">
      <metrics statements="10" coveredstatements="10" conditionals="10" coveredconditionals="10" methods="1" coveredmethods="1"/>
      <file name="factorial.js" path="C:\Users\limas\Documents\tdd-playground\src\factorial\factorial.js">
        <metrics statements="8" coveredstatements="8" conditionals="10" coveredconditionals="10" methods="1" coveredmethods="1"/>
        <line num="3" count="1" type="stmt"/>
        <line num="4" count="12" type="cond" truecount="2" falsecount="0"/>
        <line num="5" count="2" type="stmt"/>
        <line num="8" count="10" type="cond" truecount="4" falsecount="0"/>
        <line num="9" count="2" type="stmt"/>
        <line num="12" count="8" type="cond" truecount="4" falsecount="0"/>
        <line num="13" count="3" type="stmt"/>
        <line num="16" count="5" type="stmt"/>
      </file>
      <file name="utils.js" path="C:\Users\limas\Documents\tdd-playground\src\factorial\utils.js">
        <metrics statements="2" coveredstatements="2" conditionals="0" coveredconditionals="0" methods="0" coveredmethods="0"/>
        <line num="1" count="1" type="stmt"/>
        <line num="2" count="1" type="stmt"/>
      </file>
    </package>
    <package name="word">
      <metrics statements="7" coveredstatements="7" conditionals="6" coveredconditionals="6" methods="2" coveredmethods="2"/>
      <file name="utilsWord.js" path="C:\Users\limas\Documents\tdd-playground\src\word\utilsWord.js">
        <metrics statements="2" coveredstatements="2" conditionals="0" coveredconditionals="0" methods="0" coveredmethods="0"/>
        <line num="1" count="1" type="stmt"/>
        <line num="2" count="1" type="stmt"/>
      </file>
      <file name="word.js" path="C:\Users\limas\Documents\tdd-playground\src\word\word.js">
        <metrics statements="5" coveredstatements="5" conditionals="6" coveredconditionals="6" methods="2" coveredmethods="2"/>
        <line num="1" count="1" type="stmt"/>
        <line num="2" count="4" type="cond" truecount="2" falsecount="0"/>
        <line num="3" count="2" type="stmt"/>
        <line num="6" count="2" type="cond" truecount="2" falsecount="0"/>
        <line num="10" count="7" type="cond" truecount="2" falsecount="0"/>
      </file>
    </package>
  </project>
</coverage>
