{"C:\\Users\\limas\\tdd-playground\\src\\factorial\\factorial.js": {"path":"C:\\Users\\limas\\tdd-playground\\src\\factorial\\factorial.js","statementMap":{"0":{"start":{"line":3,"column":21},"end":{"line":17,"column":1}},"1":{"start":{"line":4,"column":4},"end":{"line":6,"column":5}},"2":{"start":{"line":5,"column":8},"end":{"line":5,"column":45}},"3":{"start":{"line":8,"column":4},"end":{"line":10,"column":6}},"4":{"start":{"line":9,"column":8},"end":{"line":9,"column":47}},"5":{"start":{"line":12,"column":4},"end":{"line":14,"column":5}},"6":{"start":{"line":13,"column":8},"end":{"line":13,"column":16}},"7":{"start":{"line":16,"column":1},"end":{"line":16,"column":41}}},"fnMap":{"0":{"name":"(anonymous_0)","decl":{"start":{"line":3,"column":21},"end":{"line":3,"column":22}},"loc":{"start":{"line":3,"column":31},"end":{"line":17,"column":1}},"line":3}},"branchMap":{"0":{"loc":{"start":{"line":4,"column":4},"end":{"line":6,"column":5}},"type":"if","locations":[{"start":{"line":4,"column":4},"end":{"line":6,"column":5}},{"start":{},"end":{}}],"line":4},"1":{"loc":{"start":{"line":8,"column":4},"end":{"line":10,"column":6}},"type":"if","locations":[{"start":{"line":8,"column":4},"end":{"line":10,"column":6}},{"start":{},"end":{}}],"line":8},"2":{"loc":{"start":{"line":8,"column":8},"end":{"line":8,"column":33}},"type":"binary-expr","locations":[{"start":{"line":8,"column":8},"end":{"line":8,"column":18}},{"start":{"line":8,"column":22},"end":{"line":8,"column":33}}],"line":8},"3":{"loc":{"start":{"line":12,"column":4},"end":{"line":14,"column":5}},"type":"if","locations":[{"start":{"line":12,"column":4},"end":{"line":14,"column":5}},{"start":{},"end":{}}],"line":12},"4":{"loc":{"start":{"line":12,"column":8},"end":{"line":12,"column":36}},"type":"binary-expr","locations":[{"start":{"line":12,"column":8},"end":{"line":12,"column":20}},{"start":{"line":12,"column":24},"end":{"line":12,"column":36}}],"line":12}},"s":{"0":1,"1":12,"2":2,"3":10,"4":2,"5":8,"6":3,"7":5},"f":{"0":12},"b":{"0":[2,10],"1":[2,8],"2":[10,8],"3":[3,5],"4":[8,6]},"_coverageSchema":"1a1c01bbd47fc00a2c39e90264f33305004495a9","hash":"a3925d6a4c420b0d28f314f80c9403586037a9fc"}
,"C:\\Users\\limas\\tdd-playground\\src\\factorial\\utils.js": {"path":"C:\\Users\\limas\\tdd-playground\\src\\factorial\\utils.js","statementMap":{"0":{"start":{"line":1,"column":32},"end":{"line":1,"column":82}},"1":{"start":{"line":2,"column":33},"end":{"line":2,"column":112}}},"fnMap":{},"branchMap":{},"s":{"0":1,"1":1},"f":{},"b":{},"_coverageSchema":"1a1c01bbd47fc00a2c39e90264f33305004495a9","hash":"b09dc23aeaf48fb5e1fdf94f992f8841b7879df6"}
}
