{"C:\\Users\\limas\\Documents\\tdd-playground\\src\\factorial\\factorial.js": {"path":"C:\\Users\\limas\\Documents\\tdd-playground\\src\\factorial\\factorial.js","statementMap":{"0":{"start":{"line":3,"column":21},"end":{"line":17,"column":1}},"1":{"start":{"line":4,"column":4},"end":{"line":6,"column":5}},"2":{"start":{"line":5,"column":8},"end":{"line":5,"column":45}},"3":{"start":{"line":8,"column":4},"end":{"line":10,"column":6}},"4":{"start":{"line":9,"column":8},"end":{"line":9,"column":47}},"5":{"start":{"line":12,"column":4},"end":{"line":14,"column":5}},"6":{"start":{"line":13,"column":8},"end":{"line":13,"column":16}},"7":{"start":{"line":16,"column":1},"end":{"line":16,"column":41}}},"fnMap":{"0":{"name":"(anonymous_0)","decl":{"start":{"line":3,"column":21},"end":{"line":3,"column":22}},"loc":{"start":{"line":3,"column":31},"end":{"line":17,"column":1}},"line":3}},"branchMap":{"0":{"loc":{"start":{"line":4,"column":4},"end":{"line":6,"column":5}},"type":"if","locations":[{"start":{"line":4,"column":4},"end":{"line":6,"column":5}},{"start":{},"end":{}}],"line":4},"1":{"loc":{"start":{"line":8,"column":4},"end":{"line":10,"column":6}},"type":"if","locations":[{"start":{"line":8,"column":4},"end":{"line":10,"column":6}},{"start":{},"end":{}}],"line":8},"2":{"loc":{"start":{"line":8,"column":8},"end":{"line":8,"column":33}},"type":"binary-expr","locations":[{"start":{"line":8,"column":8},"end":{"line":8,"column":18}},{"start":{"line":8,"column":22},"end":{"line":8,"column":33}}],"line":8},"3":{"loc":{"start":{"line":12,"column":4},"end":{"line":14,"column":5}},"type":"if","locations":[{"start":{"line":12,"column":4},"end":{"line":14,"column":5}},{"start":{},"end":{}}],"line":12},"4":{"loc":{"start":{"line":12,"column":8},"end":{"line":12,"column":36}},"type":"binary-expr","locations":[{"start":{"line":12,"column":8},"end":{"line":12,"column":20}},{"start":{"line":12,"column":24},"end":{"line":12,"column":36}}],"line":12}},"s":{"0":1,"1":12,"2":2,"3":10,"4":2,"5":8,"6":3,"7":5},"f":{"0":12},"b":{"0":[2,10],"1":[2,8],"2":[10,8],"3":[3,5],"4":[8,6]},"_coverageSchema":"1a1c01bbd47fc00a2c39e90264f33305004495a9","hash":"ef28ea43559399f1398b4adacdc7aef82d54ccb9"}
,"C:\\Users\\limas\\Documents\\tdd-playground\\src\\factorial\\utils.js": {"path":"C:\\Users\\limas\\Documents\\tdd-playground\\src\\factorial\\utils.js","statementMap":{"0":{"start":{"line":1,"column":32},"end":{"line":1,"column":82}},"1":{"start":{"line":2,"column":33},"end":{"line":2,"column":112}}},"fnMap":{},"branchMap":{},"s":{"0":1,"1":1},"f":{},"b":{},"_coverageSchema":"1a1c01bbd47fc00a2c39e90264f33305004495a9","hash":"50c6725d58cbac74edaf2ff1cb5de2afe3267b38"}
,"C:\\Users\\limas\\Documents\\tdd-playground\\src\\word\\utilsWord.js": {"path":"C:\\Users\\limas\\Documents\\tdd-playground\\src\\word\\utilsWord.js","statementMap":{"0":{"start":{"line":1,"column":32},"end":{"line":1,"column":80}},"1":{"start":{"line":2,"column":30},"end":{"line":2,"column":79}}},"fnMap":{},"branchMap":{},"s":{"0":1,"1":1},"f":{},"b":{},"_coverageSchema":"1a1c01bbd47fc00a2c39e90264f33305004495a9","hash":"ed724f37ca145f4a3c56f6940d4e344f4bfa7746"}
,"C:\\Users\\limas\\Documents\\tdd-playground\\src\\word\\word.js": {"path":"C:\\Users\\limas\\Documents\\tdd-playground\\src\\word\\word.js","statementMap":{"0":{"start":{"line":1,"column":19},"end":{"line":11,"column":3}},"1":{"start":{"line":2,"column":4},"end":{"line":4,"column":5}},"2":{"start":{"line":3,"column":6},"end":{"line":3,"column":75}},"3":{"start":{"line":6,"column":4},"end":{"line":10,"column":76}},"4":{"start":{"line":10,"column":33},"end":{"line":10,"column":71}}},"fnMap":{"0":{"name":"(anonymous_0)","decl":{"start":{"line":1,"column":19},"end":{"line":1,"column":20}},"loc":{"start":{"line":1,"column":32},"end":{"line":11,"column":3}},"line":1},"1":{"name":"(anonymous_1)","decl":{"start":{"line":10,"column":18},"end":{"line":10,"column":19}},"loc":{"start":{"line":10,"column":33},"end":{"line":10,"column":71}},"line":10}},"branchMap":{"0":{"loc":{"start":{"line":2,"column":4},"end":{"line":4,"column":5}},"type":"if","locations":[{"start":{"line":2,"column":4},"end":{"line":4,"column":5}},{"start":{},"end":{}}],"line":2},"1":{"loc":{"start":{"line":6,"column":11},"end":{"line":10,"column":76}},"type":"cond-expr","locations":[{"start":{"line":7,"column":8},"end":{"line":7,"column":57}},{"start":{"line":8,"column":8},"end":{"line":10,"column":76}}],"line":6},"2":{"loc":{"start":{"line":10,"column":33},"end":{"line":10,"column":71}},"type":"cond-expr","locations":[{"start":{"line":10,"column":61},"end":{"line":10,"column":64}},{"start":{"line":10,"column":67},"end":{"line":10,"column":71}}],"line":10}},"s":{"0":1,"1":4,"2":2,"3":2,"4":7},"f":{"0":4,"1":7},"b":{"0":[2,2],"1":[1,1],"2":[3,4]},"_coverageSchema":"1a1c01bbd47fc00a2c39e90264f33305004495a9","hash":"ba6f243176298278875192ed6ee6edc57f678aef"}
}
