TN:
SF:src\factorial\factorial.js
FN:3,(anonymous_0)
FNF:1
FNH:1
FNDA:12,(anonymous_0)
DA:3,1
DA:4,12
DA:5,2
DA:8,10
DA:9,2
DA:12,8
DA:13,3
DA:16,5
LF:8
LH:8
BRDA:4,0,0,2
BRDA:4,0,1,10
BRDA:8,1,0,2
BRDA:8,1,1,8
BRDA:8,2,0,10
BRDA:8,2,1,8
BRDA:12,3,0,3
BRDA:12,3,1,5
BRDA:12,4,0,8
BRDA:12,4,1,6
BRF:10
BRH:10
end_of_record
TN:
SF:src\factorial\utils.js
FNF:0
FNH:0
DA:1,1
DA:2,1
LF:2
LH:2
BRF:0
BRH:0
end_of_record
TN:
SF:src\word\utilsWord.js
FNF:0
FNH:0
DA:1,1
DA:2,1
LF:2
LH:2
BRF:0
BRH:0
end_of_record
TN:
SF:src\word\word.js
FN:1,(anonymous_0)
FN:10,(anonymous_1)
FNF:2
FNH:2
FNDA:4,(anonymous_0)
FNDA:7,(anonymous_1)
DA:1,1
DA:2,4
DA:3,2
DA:6,2
DA:10,7
LF:5
LH:5
BRDA:2,0,0,2
BRDA:2,0,1,2
BRDA:6,1,0,1
BRDA:6,1,1,1
BRDA:10,2,0,3
BRDA:10,2,1,4
BRF:6
BRH:6
end_of_record
